<?xml version="1.0" encoding="UTF-8"?>
<testng-results ignored="0" total="1" passed="1" failed="0" skipped="0">
  <reporter-output>
    <line>
      <![CDATA[DataBase connected]]>
    </line>
    <line>
      <![CDATA[Launched browser]]>
    </line>
    <line>
      <![CDATA[Logged in]]>
    </line>
    <line>
      <![CDATA[Logged out]]>
    </line>
    <line>
      <![CDATA[Broswer Closed]]>
    </line>
    <line>
      <![CDATA[DataBase disconnected]]>
    </line>
  </reporter-output>
  <suite started-at="2023-09-29T09:13:47 IST" name="Default suite" finished-at="2023-09-29T09:14:05 IST" duration-ms="18085">
    <groups>
    </groups>
    <test started-at="2023-09-29T09:13:47 IST" name="Default test" finished-at="2023-09-29T09:14:05 IST" duration-ms="18085">
      <class name="com.Actitime.TestScripts.CreateCustomer">
        <test-method is-config="true" signature="databaseConnection()[pri:0, instance:com.Actitime.TestScripts.CreateCustomer@40005471]" started-at="2023-09-29T09:13:47 IST" name="databaseConnection" finished-at="2023-09-29T09:13:47 IST" duration-ms="12" status="PASS">
          <reporter-output>
            <line>
              <![CDATA[DataBase connected]]>
            </line>
          </reporter-output>
        </test-method> <!-- databaseConnection -->
        <test-method is-config="true" signature="launchBrowser()[pri:0, instance:com.Actitime.TestScripts.CreateCustomer@40005471]" started-at="2023-09-29T09:13:47 IST" name="launchBrowser" finished-at="2023-09-29T09:13:55 IST" duration-ms="8345" status="PASS">
          <reporter-output>
            <line>
              <![CDATA[Launched browser]]>
            </line>
          </reporter-output>
        </test-method> <!-- launchBrowser -->
        <test-method is-config="true" signature="logintoActitime()[pri:0, instance:com.Actitime.TestScripts.CreateCustomer@40005471]" started-at="2023-09-29T09:13:55 IST" name="logintoActitime" finished-at="2023-09-29T09:13:56 IST" duration-ms="270" status="PASS">
          <reporter-output>
            <line>
              <![CDATA[Logged in]]>
            </line>
          </reporter-output>
        </test-method> <!-- logintoActitime -->
        <test-method signature="CreateCustomer()[pri:0, instance:com.Actitime.TestScripts.CreateCustomer@40005471]" started-at="2023-09-29T09:13:56 IST" name="CreateCustomer" finished-at="2023-09-29T09:14:03 IST" duration-ms="7033" status="PASS">
          <reporter-output>
          </reporter-output>
        </test-method> <!-- CreateCustomer -->
        <test-method is-config="true" signature="logoutfromActitime()[pri:0, instance:com.Actitime.TestScripts.CreateCustomer@40005471]" started-at="2023-09-29T09:14:03 IST" name="logoutfromActitime" finished-at="2023-09-29T09:14:05 IST" duration-ms="2271" status="PASS">
          <reporter-output>
            <line>
              <![CDATA[Logged out]]>
            </line>
          </reporter-output>
        </test-method> <!-- logoutfromActitime -->
        <test-method is-config="true" signature="closeBrowser()[pri:0, instance:com.Actitime.TestScripts.CreateCustomer@40005471]" started-at="2023-09-29T09:14:05 IST" name="closeBrowser" finished-at="2023-09-29T09:14:05 IST" duration-ms="118" status="PASS">
          <reporter-output>
            <line>
              <![CDATA[Broswer Closed]]>
            </line>
          </reporter-output>
        </test-method> <!-- closeBrowser -->
        <test-method is-config="true" signature="disconnectDataBase()[pri:0, instance:com.Actitime.TestScripts.CreateCustomer@40005471]" started-at="2023-09-29T09:14:05 IST" name="disconnectDataBase" finished-at="2023-09-29T09:14:05 IST" duration-ms="0" status="PASS">
          <reporter-output>
            <line>
              <![CDATA[DataBase disconnected]]>
            </line>
          </reporter-output>
        </test-method> <!-- disconnectDataBase -->
      </class> <!-- com.Actitime.TestScripts.CreateCustomer -->
    </test> <!-- Default test -->
  </suite> <!-- Default suite -->
</testng-results>
